Determining if the include file rpcsvc/crypt.h exists failed with the following output:
Change Dir: /home/hugo/projects/hiawatha/build/CMakeFiles/CMakeTmp

Run Build Command:/usr/bin/make "cmTryCompileExec/fast"
/usr/bin/make -f CMakeFiles/cmTryCompileExec.dir/build.make CMakeFiles/cmTryCompileExec.dir/build
make[1]: Entering directory `/home/hugo/projects/hiawatha/build/CMakeFiles/CMakeTmp'
/usr/bin/cmake -E cmake_progress_report /home/hugo/projects/hiawatha/build/CMakeFiles/CMakeTmp/CMakeFiles 1
Building C object CMakeFiles/cmTryCompileExec.dir/CheckIncludeFile.c.o
/usr/bin/clang   -Wall -Wextra     -o CMakeFiles/cmTryCompileExec.dir/CheckIncludeFile.c.o   -c /home/hugo/projects/hiawatha/build/CMakeFiles/CMakeTmp/CheckIncludeFile.c
/home/hugo/projects/hiawatha/build/CMakeFiles/CMakeTmp/CheckIncludeFile.c:1:10: fatal error: 'rpcsvc/crypt.h' file not found
#include <rpcsvc/crypt.h>
         ^
1 error generated.
make[1]: Leaving directory `/home/hugo/projects/hiawatha/build/CMakeFiles/CMakeTmp'
make[1]: *** [CMakeFiles/cmTryCompileExec.dir/CheckIncludeFile.c.o] Error 1
make: *** [cmTryCompileExec/fast] Error 2


Determining if the function strnstr exists failed with the following output:
Change Dir: /home/hugo/projects/hiawatha/build/CMakeFiles/CMakeTmp

Run Build Command:/usr/bin/make "cmTryCompileExec/fast"
/usr/bin/make -f CMakeFiles/cmTryCompileExec.dir/build.make CMakeFiles/cmTryCompileExec.dir/build
make[1]: Entering directory `/home/hugo/projects/hiawatha/build/CMakeFiles/CMakeTmp'
/usr/bin/cmake -E cmake_progress_report /home/hugo/projects/hiawatha/build/CMakeFiles/CMakeTmp/CMakeFiles 1
Building C object CMakeFiles/cmTryCompileExec.dir/CheckFunctionExists.c.o
/usr/bin/clang   -Wall -Wextra  -DCHECK_FUNCTION_EXISTS=strnstr   -o CMakeFiles/cmTryCompileExec.dir/CheckFunctionExists.c.o   -c /usr/share/cmake-2.8/Modules/CheckFunctionExists.c
Linking C executable cmTryCompileExec
/usr/bin/cmake -E cmake_link_script CMakeFiles/cmTryCompileExec.dir/link.txt --verbose=1
/usr/bin/clang   -Wall -Wextra  -DCHECK_FUNCTION_EXISTS=strnstr    CMakeFiles/cmTryCompileExec.dir/CheckFunctionExists.c.o  -o cmTryCompileExec -rdynamic 
CMakeFiles/cmTryCompileExec.dir/CheckFunctionExists.c.o: In function `main':
/usr/share/cmake-2.8/Modules/CheckFunctionExists.c:(.text+0x19): undefined reference to `strnstr'
clang: error: linker command failed with exit code 1 (use -v to see invocation)
make[1]: Leaving directory `/home/hugo/projects/hiawatha/build/CMakeFiles/CMakeTmp'
make[1]: *** [cmTryCompileExec] Error 1
make: *** [cmTryCompileExec/fast] Error 2


Determining if the function socket exists in the network failed with the following output:
Change Dir: /home/hugo/projects/hiawatha/build/CMakeFiles/CMakeTmp

Run Build Command:/usr/bin/make "cmTryCompileExec/fast"
/usr/bin/make -f CMakeFiles/cmTryCompileExec.dir/build.make CMakeFiles/cmTryCompileExec.dir/build
make[1]: Entering directory `/home/hugo/projects/hiawatha/build/CMakeFiles/CMakeTmp'
/usr/bin/cmake -E cmake_progress_report /home/hugo/projects/hiawatha/build/CMakeFiles/CMakeTmp/CMakeFiles 1
Building C object CMakeFiles/cmTryCompileExec.dir/CheckFunctionExists.c.o
/usr/bin/clang   -Wall -Wextra  -DCHECK_FUNCTION_EXISTS=socket   -o CMakeFiles/cmTryCompileExec.dir/CheckFunctionExists.c.o   -c /usr/share/cmake-2.8/Modules/CheckFunctionExists.c
Linking C executable cmTryCompileExec
/usr/bin/cmake -E cmake_link_script CMakeFiles/cmTryCompileExec.dir/link.txt --verbose=1
/usr/bin/clang   -Wall -Wextra  -DCHECK_FUNCTION_EXISTS=socket    CMakeFiles/cmTryCompileExec.dir/CheckFunctionExists.c.o  -o cmTryCompileExec -rdynamic -lnetwork 
/usr/bin/ld: cannot find -lnetwork
clang: error: linker command failed with exit code 1 (use -v to see invocation)
make[1]: Leaving directory `/home/hugo/projects/hiawatha/build/CMakeFiles/CMakeTmp'
make[1]: *** [cmTryCompileExec] Error 1
make: *** [cmTryCompileExec/fast] Error 2


